Using pre-set license
Built from '2020.3/staging' branch; Version is '2020.3.6f1 (338bb68529b2) revision 3378102'; Using compiler version '192528614'; Build Type 'Release'
OS: 'Windows 10 Home Single Language; OS build 22000.493; Version 2009; 64bit' Language: 'en' Physical Memory: 24423 MB
BatchMode: 1, IsHumanControllingUs: 0, StartBugReporterOnCrash: 0, Is64bit: 1, IsPro: 0

 COMMAND LINE ARGUMENTS:
C:\Program Files\Unity\Hub\Editor\2020.3.6f1\Editor\Unity.exe
-adb2
-batchMode
-noUpm
-name
AssetImportWorker0
-projectPath
D:/Project Stuff/VoxelProject
-logFile
Logs/AssetImportWorker0.log
-srvPort
62850
Successfully changed project path to: D:/Project Stuff/VoxelProject
D:/Project Stuff/VoxelProject
Using Asset Import Pipeline V2.
Refreshing native plugins compatible for Editor in 41.67 ms, found 0 plugins.
Preloading 0 native plugins for Editor in 0.00 ms.
Initialize engine version: 2020.3.6f1 (338bb68529b2)
[Subsystems] Discovering subsystems at path C:/Program Files/Unity/Hub/Editor/2020.3.6f1/Editor/Data/Resources/UnitySubsystems
[Subsystems] Discovering subsystems at path D:/Project Stuff/VoxelProject/Assets
GfxDevice: creating device client; threaded=0
Direct3D:
    Version:  Direct3D 11.0 [level 11.1]
    Renderer: NVIDIA GeForce GTX 1050 Ti (ID=0x1c8c)
    Vendor:   
    VRAM:     4021 MB
    Driver:   30.0.15.1165
Initialize mono
Mono path[0] = 'C:/Program Files/Unity/Hub/Editor/2020.3.6f1/Editor/Data/Managed'
Mono path[1] = 'C:/Program Files/Unity/Hub/Editor/2020.3.6f1/Editor/Data/MonoBleedingEdge/lib/mono/unityjit'
Mono config path = 'C:/Program Files/Unity/Hub/Editor/2020.3.6f1/Editor/Data/MonoBleedingEdge/etc'
Using monoOptions --debugger-agent=transport=dt_socket,embedding=1,server=y,suspend=n,address=127.0.0.1:56080
Begin MonoManager ReloadAssembly
Registering precompiled unity dll's ...
Register platform support module: C:/Program Files/Unity/Hub/Editor/2020.3.6f1/Editor/Data/PlaybackEngines/WindowsStandaloneSupport/UnityEditor.WindowsStandalone.Extensions.dll
Registered in 0.001310 seconds.
Native extension for WindowsStandalone target not found
Refreshing native plugins compatible for Editor in 42.19 ms, found 0 plugins.
Preloading 0 native plugins for Editor in 0.00 ms.
Mono: successfully reloaded assembly
- Completed reload, in  2.635 seconds
Platform modules already initialized, skipping
Registering precompiled user dll's ...
Registered in 0.000827 seconds.
Begin MonoManager ReloadAssembly
Native extension for WindowsStandalone target not found
Refreshing native plugins compatible for Editor in 42.80 ms, found 0 plugins.
Preloading 0 native plugins for Editor in 0.00 ms.
Mono: successfully reloaded assembly
- Completed reload, in  0.964 seconds
Platform modules already initialized, skipping
========================================================================
Worker process is ready to serve import requests
Launched and connected shader compiler UnityShaderCompiler.exe after 0.04 seconds
Refreshing native plugins compatible for Editor in 0.73 ms, found 0 plugins.
Preloading 0 native plugins for Editor in 0.00 ms.
Unloading 1783 Unused Serialized files (Serialized files now loaded: 0)
System memory in use before: 177.2 MB.
System memory in use after: 177.2 MB.

Unloading 17 unused Assets to reduce memory usage. Loaded Objects now: 2243.
Total: 2.185400 ms (FindLiveObjects: 0.282000 ms CreateObjectMapping: 0.073200 ms MarkObjects: 1.679900 ms  DeleteObjects: 0.149200 ms)

========================================================================
Received Import Request.
  path: Assets/Resources/Prefabs/ObjectPooler.prefab
  artifactKey: Guid(35e5f5c2b81703f4b85f6b804a369972) Importer(815301076,1909f56bfc062723c751e8b465ee728b)
Start importing Assets/Resources/Prefabs/ObjectPooler.prefab using Guid(35e5f5c2b81703f4b85f6b804a369972) Importer(815301076,1909f56bfc062723c751e8b465ee728b)  -> (artifact id: 'b67a94d792aa7dbfbe7f8cfb8074f7db') in 0.117574 seconds
  Import took 0.122633 seconds .

========================================================================
Received Prepare
Registering precompiled user dll's ...
Registered in 0.000935 seconds.
Begin MonoManager ReloadAssembly
Native extension for WindowsStandalone target not found
Refreshing native plugins compatible for Editor in 0.43 ms, found 0 plugins.
Preloading 0 native plugins for Editor in 0.00 ms.
Mono: successfully reloaded assembly
- Completed reload, in  1.270 seconds
Platform modules already initialized, skipping
Switching build target platform(5) subTarget(0) extendedPlatform(0) -> platform(13) subTarget(537395200) extendedPlatform(0)
Refreshing native plugins compatible for Editor in 0.42 ms, found 0 plugins.
Preloading 0 native plugins for Editor in 0.00 ms.
Unloading 1706 Unused Serialized files (Serialized files now loaded: 0)
System memory in use before: 166.8 MB.
System memory in use after: 166.9 MB.

Unloading 10 unused Assets to reduce memory usage. Loaded Objects now: 2248.
Total: 2.964100 ms (FindLiveObjects: 0.354300 ms CreateObjectMapping: 0.148600 ms MarkObjects: 2.332100 ms  DeleteObjects: 0.127200 ms)

AssetImportParameters requested are different than current active one (requested -> active):
  custom:graphics/normal-map-encoding: 01000000000000000000000000000000 -> 02000000000000000000000000000000
========================================================================
Received Prepare
Registering precompiled user dll's ...
Registered in 0.001036 seconds.
Begin MonoManager ReloadAssembly
Native extension for WindowsStandalone target not found
Refreshing native plugins compatible for Editor in 0.39 ms, found 0 plugins.
Preloading 0 native plugins for Editor in 0.00 ms.
Mono: successfully reloaded assembly
- Completed reload, in  0.909 seconds
Platform modules already initialized, skipping
Switching build target platform(5) subTarget(0) extendedPlatform(0) -> platform(13) subTarget(537395200) extendedPlatform(0)
Refreshing native plugins compatible for Editor in 0.37 ms, found 0 plugins.
Preloading 0 native plugins for Editor in 0.00 ms.
Unloading 1706 Unused Serialized files (Serialized files now loaded: 0)
System memory in use before: 166.9 MB.
System memory in use after: 166.9 MB.

Unloading 10 unused Assets to reduce memory usage. Loaded Objects now: 2251.
Total: 2.632700 ms (FindLiveObjects: 0.620300 ms CreateObjectMapping: 0.115500 ms MarkObjects: 1.755900 ms  DeleteObjects: 0.139000 ms)

AssetImportParameters requested are different than current active one (requested -> active):
  custom:graphics/normal-map-encoding: 01000000000000000000000000000000 -> 02000000000000000000000000000000
========================================================================
Received Prepare
Registering precompiled user dll's ...
Registered in 0.000810 seconds.
Begin MonoManager ReloadAssembly
Native extension for WindowsStandalone target not found
Refreshing native plugins compatible for Editor in 0.39 ms, found 0 plugins.
Preloading 0 native plugins for Editor in 0.00 ms.
Mono: successfully reloaded assembly
- Completed reload, in  0.893 seconds
Platform modules already initialized, skipping
Switching build target platform(5) subTarget(0) extendedPlatform(0) -> platform(13) subTarget(537395200) extendedPlatform(0)
Refreshing native plugins compatible for Editor in 0.38 ms, found 0 plugins.
Preloading 0 native plugins for Editor in 0.00 ms.
Unloading 1706 Unused Serialized files (Serialized files now loaded: 0)
System memory in use before: 166.9 MB.
System memory in use after: 166.9 MB.

Unloading 10 unused Assets to reduce memory usage. Loaded Objects now: 2254.
Total: 2.228700 ms (FindLiveObjects: 0.364000 ms CreateObjectMapping: 0.132000 ms MarkObjects: 1.615200 ms  DeleteObjects: 0.116300 ms)

AssetImportParameters requested are different than current active one (requested -> active):
  custom:graphics/normal-map-encoding: 01000000000000000000000000000000 -> 02000000000000000000000000000000
========================================================================
Received Import Request.
  Time since last request: 2614.425421 seconds.
  path: Assets/Resources/Prefabs/ObjectPooler.prefab
  artifactKey: Guid(35e5f5c2b81703f4b85f6b804a369972) Importer(815301076,1909f56bfc062723c751e8b465ee728b)
Start importing Assets/Resources/Prefabs/ObjectPooler.prefab using Guid(35e5f5c2b81703f4b85f6b804a369972) Importer(815301076,1909f56bfc062723c751e8b465ee728b)  -> (artifact id: 'd909dd0dfcfd51c669244001bcea5562') in 0.047584 seconds
  Import took 0.052665 seconds .

========================================================================
Received Prepare
Registering precompiled user dll's ...
Registered in 0.000805 seconds.
Begin MonoManager ReloadAssembly
Native extension for WindowsStandalone target not found
Refreshing native plugins compatible for Editor in 0.46 ms, found 0 plugins.
Preloading 0 native plugins for Editor in 0.00 ms.
Mono: successfully reloaded assembly
- Completed reload, in  0.920 seconds
Platform modules already initialized, skipping
Switching build target platform(5) subTarget(0) extendedPlatform(0) -> platform(13) subTarget(537395200) extendedPlatform(0)
Refreshing native plugins compatible for Editor in 0.40 ms, found 0 plugins.
Preloading 0 native plugins for Editor in 0.00 ms.
Unloading 1706 Unused Serialized files (Serialized files now loaded: 0)
System memory in use before: 166.9 MB.
System memory in use after: 166.9 MB.

Unloading 10 unused Assets to reduce memory usage. Loaded Objects now: 2257.
Total: 2.109500 ms (FindLiveObjects: 0.285200 ms CreateObjectMapping: 0.102100 ms MarkObjects: 1.598300 ms  DeleteObjects: 0.122300 ms)

AssetImportParameters requested are different than current active one (requested -> active):
  custom:graphics/normal-map-encoding: 01000000000000000000000000000000 -> 02000000000000000000000000000000
========================================================================
Received Prepare
Registering precompiled user dll's ...
Registered in 0.000747 seconds.
Begin MonoManager ReloadAssembly
Native extension for WindowsStandalone target not found
Refreshing native plugins compatible for Editor in 0.39 ms, found 0 plugins.
Preloading 0 native plugins for Editor in 0.00 ms.
Mono: successfully reloaded assembly
- Completed reload, in  0.912 seconds
Platform modules already initialized, skipping
Switching build target platform(5) subTarget(0) extendedPlatform(0) -> platform(13) subTarget(537395200) extendedPlatform(0)
Refreshing native plugins compatible for Editor in 0.39 ms, found 0 plugins.
Preloading 0 native plugins for Editor in 0.00 ms.
Unloading 1706 Unused Serialized files (Serialized files now loaded: 0)
System memory in use before: 166.9 MB.
System memory in use after: 166.9 MB.

Unloading 10 unused Assets to reduce memory usage. Loaded Objects now: 2260.
Total: 3.060600 ms (FindLiveObjects: 0.346900 ms CreateObjectMapping: 0.073300 ms MarkObjects: 2.518800 ms  DeleteObjects: 0.120400 ms)

AssetImportParameters requested are different than current active one (requested -> active):
  custom:graphics/normal-map-encoding: 01000000000000000000000000000000 -> 02000000000000000000000000000000
========================================================================
Received Prepare
Registering precompiled user dll's ...
Registered in 0.000807 seconds.
Begin MonoManager ReloadAssembly
Native extension for WindowsStandalone target not found
Refreshing native plugins compatible for Editor in 0.39 ms, found 0 plugins.
Preloading 0 native plugins for Editor in 0.00 ms.
Mono: successfully reloaded assembly
- Completed reload, in  0.943 seconds
Platform modules already initialized, skipping
Switching build target platform(5) subTarget(0) extendedPlatform(0) -> platform(13) subTarget(537395200) extendedPlatform(0)
Refreshing native plugins compatible for Editor in 0.38 ms, found 0 plugins.
Preloading 0 native plugins for Editor in 0.00 ms.
Unloading 1706 Unused Serialized files (Serialized files now loaded: 0)
System memory in use before: 166.9 MB.
System memory in use after: 166.9 MB.

Unloading 10 unused Assets to reduce memory usage. Loaded Objects now: 2263.
Total: 2.394100 ms (FindLiveObjects: 0.221200 ms CreateObjectMapping: 0.074100 ms MarkObjects: 1.979300 ms  DeleteObjects: 0.118400 ms)

AssetImportParameters requested are different than current active one (requested -> active):
  custom:graphics/normal-map-encoding: 01000000000000000000000000000000 -> 02000000000000000000000000000000
========================================================================
Received Prepare
Registering precompiled user dll's ...
Registered in 0.000843 seconds.
Begin MonoManager ReloadAssembly
Native extension for WindowsStandalone target not found
Refreshing native plugins compatible for Editor in 0.39 ms, found 0 plugins.
Preloading 0 native plugins for Editor in 0.00 ms.
Mono: successfully reloaded assembly
- Completed reload, in  0.860 seconds
Platform modules already initialized, skipping
Switching build target platform(5) subTarget(0) extendedPlatform(0) -> platform(13) subTarget(537395200) extendedPlatform(0)
Refreshing native plugins compatible for Editor in 0.38 ms, found 0 plugins.
Preloading 0 native plugins for Editor in 0.00 ms.
Unloading 1706 Unused Serialized files (Serialized files now loaded: 0)
System memory in use before: 166.9 MB.
System memory in use after: 167.0 MB.

Unloading 10 unused Assets to reduce memory usage. Loaded Objects now: 2266.
Total: 3.475700 ms (FindLiveObjects: 0.882100 ms CreateObjectMapping: 0.123300 ms MarkObjects: 2.347700 ms  DeleteObjects: 0.121300 ms)

AssetImportParameters requested are different than current active one (requested -> active):
  custom:graphics/normal-map-encoding: 01000000000000000000000000000000 -> 02000000000000000000000000000000
========================================================================
Received Prepare
Registering precompiled user dll's ...
Registered in 0.000773 seconds.
Begin MonoManager ReloadAssembly
Native extension for WindowsStandalone target not found
Refreshing native plugins compatible for Editor in 0.39 ms, found 0 plugins.
Preloading 0 native plugins for Editor in 0.00 ms.
Mono: successfully reloaded assembly
- Completed reload, in  0.979 seconds
Platform modules already initialized, skipping
Switching build target platform(5) subTarget(0) extendedPlatform(0) -> platform(13) subTarget(537395200) extendedPlatform(0)
Refreshing native plugins compatible for Editor in 0.38 ms, found 0 plugins.
Preloading 0 native plugins for Editor in 0.00 ms.
Unloading 1706 Unused Serialized files (Serialized files now loaded: 0)
System memory in use before: 166.9 MB.
System memory in use after: 167.0 MB.

Unloading 10 unused Assets to reduce memory usage. Loaded Objects now: 2269.
Total: 2.426000 ms (FindLiveObjects: 0.181700 ms CreateObjectMapping: 0.060500 ms MarkObjects: 2.067400 ms  DeleteObjects: 0.115200 ms)

AssetImportParameters requested are different than current active one (requested -> active):
  custom:graphics/normal-map-encoding: 01000000000000000000000000000000 -> 02000000000000000000000000000000
========================================================================
Received Prepare
Registering precompiled user dll's ...
Registered in 0.000813 seconds.
Begin MonoManager ReloadAssembly
Native extension for WindowsStandalone target not found
Refreshing native plugins compatible for Editor in 0.39 ms, found 0 plugins.
Preloading 0 native plugins for Editor in 0.00 ms.
Mono: successfully reloaded assembly
- Completed reload, in  0.883 seconds
Platform modules already initialized, skipping
Switching build target platform(5) subTarget(0) extendedPlatform(0) -> platform(13) subTarget(537395200) extendedPlatform(0)
Refreshing native plugins compatible for Editor in 0.46 ms, found 0 plugins.
Preloading 0 native plugins for Editor in 0.00 ms.
Unloading 1706 Unused Serialized files (Serialized files now loaded: 0)
System memory in use before: 166.9 MB.
System memory in use after: 167.0 MB.

Unloading 10 unused Assets to reduce memory usage. Loaded Objects now: 2272.
Total: 3.055800 ms (FindLiveObjects: 0.295300 ms CreateObjectMapping: 0.112900 ms MarkObjects: 2.515200 ms  DeleteObjects: 0.130100 ms)

AssetImportParameters requested are different than current active one (requested -> active):
  custom:graphics/normal-map-encoding: 01000000000000000000000000000000 -> 02000000000000000000000000000000
========================================================================
Received Import Request.
  Time since last request: 740.618363 seconds.
  path: Assets/7_Materials/flameFace.mat
  artifactKey: Guid(b52a91a1c76238548b874fcc380084d5) Importer(815301076,1909f56bfc062723c751e8b465ee728b)
Start importing Assets/7_Materials/flameFace.mat using Guid(b52a91a1c76238548b874fcc380084d5) Importer(815301076,1909f56bfc062723c751e8b465ee728b)  -> (artifact id: '38fe83efddd32279f6f795b9b07c3c19') in 0.130507 seconds
  Import took 0.135606 seconds .

========================================================================
Received Import Request.
  Time since last request: 0.000281 seconds.
  path: Assets/7_Materials/NormalFun.mat
  artifactKey: Guid(b23e3d0f6e527c148b3039a415521f0b) Importer(815301076,1909f56bfc062723c751e8b465ee728b)
Start importing Assets/7_Materials/NormalFun.mat using Guid(b23e3d0f6e527c148b3039a415521f0b) Importer(815301076,1909f56bfc062723c751e8b465ee728b)  -> (artifact id: 'ecab296b63ab85a9fcc7deadd7bc62ad') in 0.020078 seconds
  Import took 0.024510 seconds .

========================================================================
Received Import Request.
  Time since last request: 0.000324 seconds.
  path: Assets/7_Materials/Ground.mat
  artifactKey: Guid(72165bafc1fcbd84092ec1eb406b9272) Importer(815301076,1909f56bfc062723c751e8b465ee728b)
Start importing Assets/7_Materials/Ground.mat using Guid(72165bafc1fcbd84092ec1eb406b9272) Importer(815301076,1909f56bfc062723c751e8b465ee728b)  -> (artifact id: '022e38d649541904014cbc7e61edafc9') in 0.022740 seconds
  Import took 0.026767 seconds .

========================================================================
Received Import Request.
  Time since last request: 22.189848 seconds.
  path: Assets/7_Materials/Walls.mat
  artifactKey: Guid(8ee9998799760804d8732acafb3dd133) Importer(815301076,1909f56bfc062723c751e8b465ee728b)
Start importing Assets/7_Materials/Walls.mat using Guid(8ee9998799760804d8732acafb3dd133) Importer(815301076,1909f56bfc062723c751e8b465ee728b)  -> (artifact id: 'd2474d0af378f5b158d8b48ef662f705') in 0.018796 seconds
  Import took 0.022485 seconds .

========================================================================
Received Prepare
Registering precompiled user dll's ...
Registered in 0.000822 seconds.
Begin MonoManager ReloadAssembly
Native extension for WindowsStandalone target not found
Refreshing native plugins compatible for Editor in 0.39 ms, found 0 plugins.
Preloading 0 native plugins for Editor in 0.00 ms.
Mono: successfully reloaded assembly
- Completed reload, in  0.948 seconds
Platform modules already initialized, skipping
Switching build target platform(5) subTarget(0) extendedPlatform(0) -> platform(13) subTarget(537395200) extendedPlatform(0)
Refreshing native plugins compatible for Editor in 0.66 ms, found 0 plugins.
Preloading 0 native plugins for Editor in 0.00 ms.
Unloading 1706 Unused Serialized files (Serialized files now loaded: 0)
System memory in use before: 170.1 MB.
System memory in use after: 170.2 MB.

Unloading 10 unused Assets to reduce memory usage. Loaded Objects now: 2314.
Total: 2.514900 ms (FindLiveObjects: 0.208300 ms CreateObjectMapping: 0.061500 ms MarkObjects: 1.944200 ms  DeleteObjects: 0.299300 ms)

AssetImportParameters requested are different than current active one (requested -> active):
  custom:graphics/normal-map-encoding: 01000000000000000000000000000000 -> 02000000000000000000000000000000
========================================================================
Received Prepare
Registering precompiled user dll's ...
Registered in 0.000762 seconds.
Begin MonoManager ReloadAssembly
Native extension for WindowsStandalone target not found
Refreshing native plugins compatible for Editor in 0.38 ms, found 0 plugins.
Preloading 0 native plugins for Editor in 0.00 ms.
Mono: successfully reloaded assembly
- Completed reload, in  0.877 seconds
Platform modules already initialized, skipping
Switching build target platform(5) subTarget(0) extendedPlatform(0) -> platform(13) subTarget(537395200) extendedPlatform(0)
Refreshing native plugins compatible for Editor in 0.38 ms, found 0 plugins.
Preloading 0 native plugins for Editor in 0.00 ms.
Unloading 1706 Unused Serialized files (Serialized files now loaded: 0)
System memory in use before: 170.2 MB.
System memory in use after: 170.2 MB.

Unloading 10 unused Assets to reduce memory usage. Loaded Objects now: 2317.
Total: 2.147000 ms (FindLiveObjects: 0.233200 ms CreateObjectMapping: 0.085000 ms MarkObjects: 1.694600 ms  DeleteObjects: 0.131700 ms)

AssetImportParameters requested are different than current active one (requested -> active):
  custom:graphics/normal-map-encoding: 01000000000000000000000000000000 -> 02000000000000000000000000000000
========================================================================
Received Prepare
Registering precompiled user dll's ...
Registered in 0.000851 seconds.
Begin MonoManager ReloadAssembly
Native extension for WindowsStandalone target not found
Refreshing native plugins compatible for Editor in 0.39 ms, found 0 plugins.
Preloading 0 native plugins for Editor in 0.00 ms.
Mono: successfully reloaded assembly
- Completed reload, in  0.882 seconds
Platform modules already initialized, skipping
Switching build target platform(5) subTarget(0) extendedPlatform(0) -> platform(13) subTarget(537395200) extendedPlatform(0)
Refreshing native plugins compatible for Editor in 0.38 ms, found 0 plugins.
Preloading 0 native plugins for Editor in 0.00 ms.
Unloading 1706 Unused Serialized files (Serialized files now loaded: 0)
System memory in use before: 170.1 MB.
System memory in use after: 170.1 MB.

Unloading 10 unused Assets to reduce memory usage. Loaded Objects now: 2320.
Total: 2.162300 ms (FindLiveObjects: 0.187300 ms CreateObjectMapping: 0.059000 ms MarkObjects: 1.795300 ms  DeleteObjects: 0.119200 ms)

AssetImportParameters requested are different than current active one (requested -> active):
  custom:graphics/normal-map-encoding: 01000000000000000000000000000000 -> 02000000000000000000000000000000
========================================================================
Received Import Request.
  Time since last request: 1083.340190 seconds.
  path: Assets/Resources/Prefabs/Enemies/Normal 1.prefab
  artifactKey: Guid(c8739ff83fc820e489b70087380c9a82) Importer(815301076,1909f56bfc062723c751e8b465ee728b)
Start importing Assets/Resources/Prefabs/Enemies/Normal 1.prefab using Guid(c8739ff83fc820e489b70087380c9a82) Importer(815301076,1909f56bfc062723c751e8b465ee728b)  -> (artifact id: '1bf9c4cb97ae485d4bb552b120ea1c4e') in 0.151018 seconds
  Import took 0.168140 seconds .

========================================================================
Received Import Request.
  Time since last request: 62.287649 seconds.
  path: ProjectSettings/TagManager.asset
  artifactKey: Guid(00000000000000003000000000000000) Importer(815301076,1909f56bfc062723c751e8b465ee728b)
Start importing ProjectSettings/TagManager.asset using Guid(00000000000000003000000000000000) Importer(815301076,1909f56bfc062723c751e8b465ee728b)  -> (artifact id: '3c4a425048d1fc5a1fd61f6ae37dd51f') in 0.012010 seconds
  Import took 0.048752 seconds .

========================================================================
Received Import Request.
  Time since last request: 4.650482 seconds.
  path: Assets/Resources/Prefabs/Enemies/Normal.prefab
  artifactKey: Guid(c9782f7bba416bd4a8133587eeba6144) Importer(815301076,1909f56bfc062723c751e8b465ee728b)
Start importing Assets/Resources/Prefabs/Enemies/Normal.prefab using Guid(c9782f7bba416bd4a8133587eeba6144) Importer(815301076,1909f56bfc062723c751e8b465ee728b)  -> (artifact id: '1e09fa9c70198136916b6b18a5199350') in 0.042704 seconds
  Import took 0.046029 seconds .

========================================================================
Received Import Request.
  Time since last request: 9.098809 seconds.
  path: Assets/Resources/Prefabs/Enemies/EnemyFlame.prefab
  artifactKey: Guid(c9782f7bba416bd4a8133587eeba6144) Importer(815301076,1909f56bfc062723c751e8b465ee728b)
Start importing Assets/Resources/Prefabs/Enemies/EnemyFlame.prefab using Guid(c9782f7bba416bd4a8133587eeba6144) Importer(815301076,1909f56bfc062723c751e8b465ee728b)  -> (artifact id: '7e264efcac1f3cb02d22eae0278e098f') in 0.062490 seconds
  Import took 0.079467 seconds .

========================================================================
Received Import Request.
  Time since last request: 9.260265 seconds.
  path: Assets/Resources/Prefabs/Enemies/EnemyNormal.prefab
  artifactKey: Guid(c8739ff83fc820e489b70087380c9a82) Importer(815301076,1909f56bfc062723c751e8b465ee728b)
Start importing Assets/Resources/Prefabs/Enemies/EnemyNormal.prefab using Guid(c8739ff83fc820e489b70087380c9a82) Importer(815301076,1909f56bfc062723c751e8b465ee728b)  -> (artifact id: '8783e8008f8c27a80bc7e3f8f7944213') in 0.046383 seconds
  Import took 0.056831 seconds .

========================================================================
Received Import Request.
  Time since last request: 19.254994 seconds.
  path: Assets/Resources/Prefabs/Enemies/EnemyNormal.prefab
  artifactKey: Guid(c8739ff83fc820e489b70087380c9a82) Importer(815301076,1909f56bfc062723c751e8b465ee728b)
Start importing Assets/Resources/Prefabs/Enemies/EnemyNormal.prefab using Guid(c8739ff83fc820e489b70087380c9a82) Importer(815301076,1909f56bfc062723c751e8b465ee728b)  -> (artifact id: '9785447ce233e4c4f9f820c1cd07ac06') in 0.037439 seconds
  Import took 0.046006 seconds .

========================================================================
Received Import Request.
  Time since last request: 51.640701 seconds.
  path: Assets/Resources/Prefabs/ObjectPooler.prefab
  artifactKey: Guid(35e5f5c2b81703f4b85f6b804a369972) Importer(815301076,1909f56bfc062723c751e8b465ee728b)
Start importing Assets/Resources/Prefabs/ObjectPooler.prefab using Guid(35e5f5c2b81703f4b85f6b804a369972) Importer(815301076,1909f56bfc062723c751e8b465ee728b)  -> (artifact id: 'f0acbc43d302535e4fed02177b7f0146') in 0.022335 seconds
  Import took 0.045932 seconds .

========================================================================
Received Import Request.
  Time since last request: 22.478652 seconds.
  path: Assets/3_Scripts/Enemies/EnemyWithMinions.cs
  artifactKey: Guid(a2cbc29617093af4bab131b44120dc95) Importer(815301076,1909f56bfc062723c751e8b465ee728b)
Start importing Assets/3_Scripts/Enemies/EnemyWithMinions.cs using Guid(a2cbc29617093af4bab131b44120dc95) Importer(815301076,1909f56bfc062723c751e8b465ee728b)  -> (artifact id: '60b8a3ef0ccf1a277658e20725d4f872') in 0.008453 seconds
  Import took 0.036786 seconds .

========================================================================
Received Import Request.
  Time since last request: 0.002941 seconds.
  path: Assets/3_Scripts/Enemies/EnemyWithMinions.cs
  artifactKey: Guid(a2cbc29617093af4bab131b44120dc95) Importer(815301076,1909f56bfc062723c751e8b465ee728b)
Start importing Assets/3_Scripts/Enemies/EnemyWithMinions.cs using Guid(a2cbc29617093af4bab131b44120dc95) Importer(815301076,1909f56bfc062723c751e8b465ee728b)  -> (artifact id: '60b8a3ef0ccf1a277658e20725d4f872') in 0.003802 seconds
  Import took 0.007104 seconds .

========================================================================
Received Prepare
Registering precompiled user dll's ...
Registered in 0.000815 seconds.
Begin MonoManager ReloadAssembly
Native extension for WindowsStandalone target not found
Refreshing native plugins compatible for Editor in 0.39 ms, found 0 plugins.
Preloading 0 native plugins for Editor in 0.00 ms.
Mono: successfully reloaded assembly
- Completed reload, in  0.923 seconds
Platform modules already initialized, skipping
Switching build target platform(5) subTarget(0) extendedPlatform(0) -> platform(13) subTarget(537395200) extendedPlatform(0)
Refreshing native plugins compatible for Editor in 0.39 ms, found 0 plugins.
Preloading 0 native plugins for Editor in 0.00 ms.
Unloading 1706 Unused Serialized files (Serialized files now loaded: 0)
System memory in use before: 170.2 MB.
System memory in use after: 170.2 MB.

Unloading 11 unused Assets to reduce memory usage. Loaded Objects now: 2324.
Total: 2.095800 ms (FindLiveObjects: 0.168900 ms CreateObjectMapping: 0.058300 ms MarkObjects: 1.752900 ms  DeleteObjects: 0.115000 ms)

AssetImportParameters requested are different than current active one (requested -> active):
  custom:graphics/normal-map-encoding: 01000000000000000000000000000000 -> 02000000000000000000000000000000
========================================================================
Received Import Request.
  Time since last request: 29.433154 seconds.
  path: Assets/3_Scripts/Enemies/EnemyNormal.cs
  artifactKey: Guid(232c856cdd4a2da489d9d9993cfc247b) Importer(815301076,1909f56bfc062723c751e8b465ee728b)
Start importing Assets/3_Scripts/Enemies/EnemyNormal.cs using Guid(232c856cdd4a2da489d9d9993cfc247b) Importer(815301076,1909f56bfc062723c751e8b465ee728b)  -> (artifact id: 'a5895a15af496ea7a67fa630e2edf9cd') in 0.007464 seconds
  Import took 0.028550 seconds .

========================================================================
Received Prepare
Registering precompiled user dll's ...
Registered in 0.000834 seconds.
Begin MonoManager ReloadAssembly
Native extension for WindowsStandalone target not found
Refreshing native plugins compatible for Editor in 0.38 ms, found 0 plugins.
Preloading 0 native plugins for Editor in 0.00 ms.
Mono: successfully reloaded assembly
- Completed reload, in  1.002 seconds
Platform modules already initialized, skipping
Switching build target platform(5) subTarget(0) extendedPlatform(0) -> platform(13) subTarget(537395200) extendedPlatform(0)
Refreshing native plugins compatible for Editor in 0.38 ms, found 0 plugins.
Preloading 0 native plugins for Editor in 0.00 ms.
Unloading 1707 Unused Serialized files (Serialized files now loaded: 0)
System memory in use before: 170.2 MB.
System memory in use after: 170.2 MB.

Unloading 10 unused Assets to reduce memory usage. Loaded Objects now: 2328.
Total: 2.307900 ms (FindLiveObjects: 0.207800 ms CreateObjectMapping: 0.078500 ms MarkObjects: 1.899900 ms  DeleteObjects: 0.120500 ms)

AssetImportParameters requested are different than current active one (requested -> active):
  custom:graphics/normal-map-encoding: 01000000000000000000000000000000 -> 02000000000000000000000000000000
========================================================================
Received Import Request.
  Time since last request: 16.766487 seconds.
  path: Assets/Resources/Prefabs/Enemies/EnemyNormal.prefab
  artifactKey: Guid(c8739ff83fc820e489b70087380c9a82) Importer(815301076,1909f56bfc062723c751e8b465ee728b)
Start importing Assets/Resources/Prefabs/Enemies/EnemyNormal.prefab using Guid(c8739ff83fc820e489b70087380c9a82) Importer(815301076,1909f56bfc062723c751e8b465ee728b)  -> (artifact id: 'fab121cda95f73ad30a663a5e4f267b3') in 0.107912 seconds
  Import took 0.111204 seconds .

========================================================================
Received Prepare
Registering precompiled user dll's ...
Registered in 0.000908 seconds.
Begin MonoManager ReloadAssembly
Native extension for WindowsStandalone target not found
Refreshing native plugins compatible for Editor in 0.40 ms, found 0 plugins.
Preloading 0 native plugins for Editor in 0.00 ms.
Mono: successfully reloaded assembly
- Completed reload, in  0.974 seconds
Platform modules already initialized, skipping
Switching build target platform(5) subTarget(0) extendedPlatform(0) -> platform(13) subTarget(537395200) extendedPlatform(0)
Refreshing native plugins compatible for Editor in 0.41 ms, found 0 plugins.
Preloading 0 native plugins for Editor in 0.00 ms.
Unloading 1707 Unused Serialized files (Serialized files now loaded: 0)
System memory in use before: 170.2 MB.
System memory in use after: 170.2 MB.

Unloading 10 unused Assets to reduce memory usage. Loaded Objects now: 2332.
Total: 2.408600 ms (FindLiveObjects: 0.223000 ms CreateObjectMapping: 0.095100 ms MarkObjects: 1.969000 ms  DeleteObjects: 0.120600 ms)

AssetImportParameters requested are different than current active one (requested -> active):
  custom:graphics/normal-map-encoding: 01000000000000000000000000000000 -> 02000000000000000000000000000000
========================================================================
Received Import Request.
  Time since last request: 23.476653 seconds.
  path: Assets/Resources/Prefabs/Enemies/EnemyNormal.prefab
  artifactKey: Guid(c8739ff83fc820e489b70087380c9a82) Importer(815301076,1909f56bfc062723c751e8b465ee728b)
Start importing Assets/Resources/Prefabs/Enemies/EnemyNormal.prefab using Guid(c8739ff83fc820e489b70087380c9a82) Importer(815301076,1909f56bfc062723c751e8b465ee728b)  -> (artifact id: '6f36123671edfcb57e4dfeac6f1e9856') in 0.145158 seconds
  Import took 0.167632 seconds .

========================================================================
Received Import Request.
  Time since last request: 0.020625 seconds.
  path: Assets/Resources/Prefabs/Enemies/EnemyNormal.prefab
  artifactKey: Guid(c8739ff83fc820e489b70087380c9a82) Importer(815301076,1909f56bfc062723c751e8b465ee728b)
Start importing Assets/Resources/Prefabs/Enemies/EnemyNormal.prefab using Guid(c8739ff83fc820e489b70087380c9a82) Importer(815301076,1909f56bfc062723c751e8b465ee728b)  -> (artifact id: '6f36123671edfcb57e4dfeac6f1e9856') in 0.037505 seconds
  Import took 0.041152 seconds .

========================================================================
Received Import Request.
  Time since last request: 6.659516 seconds.
  path: Assets/Resources/Prefabs/Enemies/EnemyNormal.prefab
  artifactKey: Guid(c8739ff83fc820e489b70087380c9a82) Importer(815301076,1909f56bfc062723c751e8b465ee728b)
Start importing Assets/Resources/Prefabs/Enemies/EnemyNormal.prefab using Guid(c8739ff83fc820e489b70087380c9a82) Importer(815301076,1909f56bfc062723c751e8b465ee728b)  -> (artifact id: '912f216d97c2da4fdfc1b5983b9b9e54') in 0.055982 seconds
  Import took 0.060109 seconds .

========================================================================
Received Import Request.
  Time since last request: 8.693972 seconds.
  path: Assets/Resources/Prefabs/Enemies/EnemyNormal.prefab
  artifactKey: Guid(c8739ff83fc820e489b70087380c9a82) Importer(815301076,1909f56bfc062723c751e8b465ee728b)
Start importing Assets/Resources/Prefabs/Enemies/EnemyNormal.prefab using Guid(c8739ff83fc820e489b70087380c9a82) Importer(815301076,1909f56bfc062723c751e8b465ee728b)  -> (artifact id: 'ebad19f6285ec23dce402a1f08c0e34c') in 0.037002 seconds
  Import took 0.040784 seconds .

========================================================================
Received Import Request.
  Time since last request: 0.591914 seconds.
  path: Assets/Resources/Prefabs/Enemies/EnemyNormal.prefab
  artifactKey: Guid(c8739ff83fc820e489b70087380c9a82) Importer(815301076,1909f56bfc062723c751e8b465ee728b)
Start importing Assets/Resources/Prefabs/Enemies/EnemyNormal.prefab using Guid(c8739ff83fc820e489b70087380c9a82) Importer(815301076,1909f56bfc062723c751e8b465ee728b)  -> (artifact id: 'c3983bc4d2e7676b50a04dd70e671499') in 0.052381 seconds
  Import took 0.055686 seconds .

========================================================================
Received Import Request.
  Time since last request: 6.699402 seconds.
  path: Assets/Resources/Prefabs/Enemies/EnemyNormal.prefab
  artifactKey: Guid(c8739ff83fc820e489b70087380c9a82) Importer(815301076,1909f56bfc062723c751e8b465ee728b)
Start importing Assets/Resources/Prefabs/Enemies/EnemyNormal.prefab using Guid(c8739ff83fc820e489b70087380c9a82) Importer(815301076,1909f56bfc062723c751e8b465ee728b)  -> (artifact id: 'b397da5bfd05d8521d78fb183e205adc') in 0.036309 seconds
  Import took 0.040446 seconds .

========================================================================
Received Import Request.
  Time since last request: 7.006586 seconds.
  path: Assets/Resources/Prefabs/Enemies/EnemyNormal.prefab
  artifactKey: Guid(c8739ff83fc820e489b70087380c9a82) Importer(815301076,1909f56bfc062723c751e8b465ee728b)
Start importing Assets/Resources/Prefabs/Enemies/EnemyNormal.prefab using Guid(c8739ff83fc820e489b70087380c9a82) Importer(815301076,1909f56bfc062723c751e8b465ee728b)  -> (artifact id: '0b36e2b8f200c8b5c61ca169a17e80c0') in 0.059445 seconds
  Import took 0.063320 seconds .

========================================================================
Received Prepare
Registering precompiled user dll's ...
Registered in 0.000808 seconds.
Begin MonoManager ReloadAssembly
Native extension for WindowsStandalone target not found
Refreshing native plugins compatible for Editor in 0.39 ms, found 0 plugins.
Preloading 0 native plugins for Editor in 0.00 ms.
Mono: successfully reloaded assembly
- Completed reload, in  0.931 seconds
Platform modules already initialized, skipping
Switching build target platform(5) subTarget(0) extendedPlatform(0) -> platform(13) subTarget(537395200) extendedPlatform(0)
Refreshing native plugins compatible for Editor in 0.48 ms, found 0 plugins.
Preloading 0 native plugins for Editor in 0.00 ms.
Unloading 1707 Unused Serialized files (Serialized files now loaded: 0)
System memory in use before: 170.2 MB.
System memory in use after: 170.2 MB.

Unloading 10 unused Assets to reduce memory usage. Loaded Objects now: 2336.
Total: 3.203300 ms (FindLiveObjects: 0.403800 ms CreateObjectMapping: 0.152900 ms MarkObjects: 2.509300 ms  DeleteObjects: 0.135800 ms)

AssetImportParameters requested are different than current active one (requested -> active):
  custom:graphics/normal-map-encoding: 01000000000000000000000000000000 -> 02000000000000000000000000000000
========================================================================
Received Import Request.
  Time since last request: 28.681674 seconds.
  path: Assets/Resources/Prefabs/Enemies/EnemyNormal.prefab
  artifactKey: Guid(c8739ff83fc820e489b70087380c9a82) Importer(815301076,1909f56bfc062723c751e8b465ee728b)
Start importing Assets/Resources/Prefabs/Enemies/EnemyNormal.prefab using Guid(c8739ff83fc820e489b70087380c9a82) Importer(815301076,1909f56bfc062723c751e8b465ee728b)  -> (artifact id: '8f947014795a3c8feb66e98086e8e618') in 0.073597 seconds
  Import took 0.076964 seconds .

========================================================================
Received Prepare
Registering precompiled user dll's ...
Registered in 0.000833 seconds.
Begin MonoManager ReloadAssembly
Native extension for WindowsStandalone target not found
Refreshing native plugins compatible for Editor in 0.41 ms, found 0 plugins.
Preloading 0 native plugins for Editor in 0.00 ms.
Mono: successfully reloaded assembly
- Completed reload, in  0.900 seconds
Platform modules already initialized, skipping
Switching build target platform(5) subTarget(0) extendedPlatform(0) -> platform(13) subTarget(537395200) extendedPlatform(0)
Refreshing native plugins compatible for Editor in 0.39 ms, found 0 plugins.
Preloading 0 native plugins for Editor in 0.00 ms.
Unloading 1707 Unused Serialized files (Serialized files now loaded: 0)
System memory in use before: 170.2 MB.
System memory in use after: 170.2 MB.

Unloading 10 unused Assets to reduce memory usage. Loaded Objects now: 2340.
Total: 2.184600 ms (FindLiveObjects: 0.211300 ms CreateObjectMapping: 0.073000 ms MarkObjects: 1.783000 ms  DeleteObjects: 0.116200 ms)

AssetImportParameters requested are different than current active one (requested -> active):
  custom:graphics/normal-map-encoding: 01000000000000000000000000000000 -> 02000000000000000000000000000000
========================================================================
Received Import Request.
  Time since last request: 260.161762 seconds.
  path: Assets/Resources/Prefabs/Enemies/EnemyNormal.prefab
  artifactKey: Guid(c8739ff83fc820e489b70087380c9a82) Importer(815301076,1909f56bfc062723c751e8b465ee728b)
Start importing Assets/Resources/Prefabs/Enemies/EnemyNormal.prefab using Guid(c8739ff83fc820e489b70087380c9a82) Importer(815301076,1909f56bfc062723c751e8b465ee728b)  -> (artifact id: 'af4aa9d61fe4934d91fba1aedf752381') in 0.239188 seconds
  Import took 0.244165 seconds .

========================================================================
Received Import Request.
  Time since last request: 9.280988 seconds.
  path: Assets/Resources/Prefabs/Enemies/EnemyNormal.prefab
  artifactKey: Guid(c8739ff83fc820e489b70087380c9a82) Importer(815301076,1909f56bfc062723c751e8b465ee728b)
Start importing Assets/Resources/Prefabs/Enemies/EnemyNormal.prefab using Guid(c8739ff83fc820e489b70087380c9a82) Importer(815301076,1909f56bfc062723c751e8b465ee728b)  -> (artifact id: '6fa45c308dbed8910bcf5441371a13df') in 0.026762 seconds
  Import took 0.030332 seconds .

========================================================================
Received Import Request.
  Time since last request: 0.017768 seconds.
  path: Assets/Resources/Prefabs/Enemies/EnemyNormal.prefab
  artifactKey: Guid(c8739ff83fc820e489b70087380c9a82) Importer(815301076,1909f56bfc062723c751e8b465ee728b)
Start importing Assets/Resources/Prefabs/Enemies/EnemyNormal.prefab using Guid(c8739ff83fc820e489b70087380c9a82) Importer(815301076,1909f56bfc062723c751e8b465ee728b)  -> (artifact id: '6fa45c308dbed8910bcf5441371a13df') in 0.025615 seconds
  Import took 0.029156 seconds .

========================================================================
Received Import Request.
  Time since last request: 4.773594 seconds.
  path: Assets/Resources/Prefabs/Enemies/EnemyNormal.prefab
  artifactKey: Guid(c8739ff83fc820e489b70087380c9a82) Importer(815301076,1909f56bfc062723c751e8b465ee728b)
Start importing Assets/Resources/Prefabs/Enemies/EnemyNormal.prefab using Guid(c8739ff83fc820e489b70087380c9a82) Importer(815301076,1909f56bfc062723c751e8b465ee728b)  -> (artifact id: '258d85673bd06b80921d5b92c6d2c23a') in 0.029090 seconds
  Import took 0.044593 seconds .

========================================================================
Received Import Request.
  Time since last request: 12.665859 seconds.
  path: Assets/Resources/Prefabs/Enemies/EnemyNormal.prefab
  artifactKey: Guid(c8739ff83fc820e489b70087380c9a82) Importer(815301076,1909f56bfc062723c751e8b465ee728b)
Start importing Assets/Resources/Prefabs/Enemies/EnemyNormal.prefab using Guid(c8739ff83fc820e489b70087380c9a82) Importer(815301076,1909f56bfc062723c751e8b465ee728b)  -> (artifact id: '0895a3cf5dad7a47e2fe8b8b484dc899') in 0.045334 seconds
  Import took 0.049511 seconds .

========================================================================
Received Import Request.
  Time since last request: 2.175381 seconds.
  path: Assets/Resources/Prefabs/Enemies/EnemyNormal.prefab
  artifactKey: Guid(c8739ff83fc820e489b70087380c9a82) Importer(815301076,1909f56bfc062723c751e8b465ee728b)
Start importing Assets/Resources/Prefabs/Enemies/EnemyNormal.prefab using Guid(c8739ff83fc820e489b70087380c9a82) Importer(815301076,1909f56bfc062723c751e8b465ee728b)  -> (artifact id: 'b96fea8d1d9e0f608aa92585e0d493d4') in 0.027926 seconds
  Import took 0.047734 seconds .

========================================================================
Received Import Request.
  Time since last request: 5.657733 seconds.
  path: Assets/Resources/Prefabs/Enemies/EnemyNormal.prefab
  artifactKey: Guid(c8739ff83fc820e489b70087380c9a82) Importer(815301076,1909f56bfc062723c751e8b465ee728b)
Start importing Assets/Resources/Prefabs/Enemies/EnemyNormal.prefab using Guid(c8739ff83fc820e489b70087380c9a82) Importer(815301076,1909f56bfc062723c751e8b465ee728b)  -> (artifact id: '9efd5c46612101cf0e9522fa5d364796') in 0.027952 seconds
  Import took 0.031512 seconds .

========================================================================
Received Import Request.
  Time since last request: 1.435304 seconds.
  path: Assets/Resources/Prefabs/Enemies/EnemyNormal.prefab
  artifactKey: Guid(c8739ff83fc820e489b70087380c9a82) Importer(815301076,1909f56bfc062723c751e8b465ee728b)
Start importing Assets/Resources/Prefabs/Enemies/EnemyNormal.prefab using Guid(c8739ff83fc820e489b70087380c9a82) Importer(815301076,1909f56bfc062723c751e8b465ee728b)  -> (artifact id: '0dbdc5f7a4769658b77666a856a64747') in 0.049346 seconds
  Import took 0.068272 seconds .

========================================================================
Received Import Request.
  Time since last request: 2.390857 seconds.
  path: Assets/Resources/Prefabs/Enemies/EnemyNormal.prefab
  artifactKey: Guid(c8739ff83fc820e489b70087380c9a82) Importer(815301076,1909f56bfc062723c751e8b465ee728b)
Start importing Assets/Resources/Prefabs/Enemies/EnemyNormal.prefab using Guid(c8739ff83fc820e489b70087380c9a82) Importer(815301076,1909f56bfc062723c751e8b465ee728b)  -> (artifact id: '419d615adf83a6e76f145738ead5101f') in 0.027482 seconds
  Import took 0.030803 seconds .

========================================================================
Received Import Request.
  Time since last request: 6.289184 seconds.
  path: Assets/Resources/Prefabs/Enemies/EnemyNormal.prefab
  artifactKey: Guid(c8739ff83fc820e489b70087380c9a82) Importer(815301076,1909f56bfc062723c751e8b465ee728b)
Start importing Assets/Resources/Prefabs/Enemies/EnemyNormal.prefab using Guid(c8739ff83fc820e489b70087380c9a82) Importer(815301076,1909f56bfc062723c751e8b465ee728b)  -> (artifact id: 'ca9451b57712798de1d106762102f639') in 0.034149 seconds
  Import took 0.038727 seconds .

========================================================================
Received Import Request.
  Time since last request: 3.828543 seconds.
  path: Assets/Resources/Prefabs/Enemies/EnemyNormal.prefab
  artifactKey: Guid(c8739ff83fc820e489b70087380c9a82) Importer(815301076,1909f56bfc062723c751e8b465ee728b)
Start importing Assets/Resources/Prefabs/Enemies/EnemyNormal.prefab using Guid(c8739ff83fc820e489b70087380c9a82) Importer(815301076,1909f56bfc062723c751e8b465ee728b)  -> (artifact id: 'ac6c5cc343af04af4fd1f0a7ebac22bc') in 0.052589 seconds
  Import took 0.072488 seconds .

========================================================================
Received Prepare
Registering precompiled user dll's ...
Registered in 0.001068 seconds.
Begin MonoManager ReloadAssembly
Native extension for WindowsStandalone target not found
Refreshing native plugins compatible for Editor in 0.39 ms, found 0 plugins.
Preloading 0 native plugins for Editor in 0.00 ms.
Mono: successfully reloaded assembly
- Completed reload, in  1.000 seconds
Platform modules already initialized, skipping
Switching build target platform(5) subTarget(0) extendedPlatform(0) -> platform(13) subTarget(537395200) extendedPlatform(0)
Refreshing native plugins compatible for Editor in 0.39 ms, found 0 plugins.
Preloading 0 native plugins for Editor in 0.00 ms.
Unloading 1707 Unused Serialized files (Serialized files now loaded: 0)
System memory in use before: 170.3 MB.
System memory in use after: 170.3 MB.

Unloading 10 unused Assets to reduce memory usage. Loaded Objects now: 2344.
Total: 2.212500 ms (FindLiveObjects: 0.220800 ms CreateObjectMapping: 0.080500 ms MarkObjects: 1.787400 ms  DeleteObjects: 0.122000 ms)

AssetImportParameters requested are different than current active one (requested -> active):
  custom:graphics/normal-map-encoding: 01000000000000000000000000000000 -> 02000000000000000000000000000000
========================================================================
Received Prepare
Registering precompiled user dll's ...
Registered in 0.000752 seconds.
Begin MonoManager ReloadAssembly
Native extension for WindowsStandalone target not found
Refreshing native plugins compatible for Editor in 0.43 ms, found 0 plugins.
Preloading 0 native plugins for Editor in 0.00 ms.
Mono: successfully reloaded assembly
- Completed reload, in  0.978 seconds
Platform modules already initialized, skipping
Switching build target platform(5) subTarget(0) extendedPlatform(0) -> platform(13) subTarget(537395200) extendedPlatform(0)
Refreshing native plugins compatible for Editor in 0.38 ms, found 0 plugins.
Preloading 0 native plugins for Editor in 0.00 ms.
Unloading 1707 Unused Serialized files (Serialized files now loaded: 0)
System memory in use before: 170.3 MB.
System memory in use after: 170.3 MB.

Unloading 10 unused Assets to reduce memory usage. Loaded Objects now: 2347.
Total: 2.287600 ms (FindLiveObjects: 0.276100 ms CreateObjectMapping: 0.090500 ms MarkObjects: 1.796900 ms  DeleteObjects: 0.122000 ms)

AssetImportParameters requested are different than current active one (requested -> active):
  custom:graphics/normal-map-encoding: 01000000000000000000000000000000 -> 02000000000000000000000000000000
========================================================================
Received Prepare
Registering precompiled user dll's ...
Registered in 0.000772 seconds.
Begin MonoManager ReloadAssembly
Native extension for WindowsStandalone target not found
Refreshing native plugins compatible for Editor in 0.43 ms, found 0 plugins.
Preloading 0 native plugins for Editor in 0.00 ms.
Mono: successfully reloaded assembly
- Completed reload, in  1.003 seconds
Platform modules already initialized, skipping
Switching build target platform(5) subTarget(0) extendedPlatform(0) -> platform(13) subTarget(537395200) extendedPlatform(0)
Refreshing native plugins compatible for Editor in 0.38 ms, found 0 plugins.
Preloading 0 native plugins for Editor in 0.00 ms.
Unloading 1707 Unused Serialized files (Serialized files now loaded: 0)
System memory in use before: 170.3 MB.
System memory in use after: 170.3 MB.

Unloading 10 unused Assets to reduce memory usage. Loaded Objects now: 2350.
Total: 2.342300 ms (FindLiveObjects: 0.370400 ms CreateObjectMapping: 0.072800 ms MarkObjects: 1.772200 ms  DeleteObjects: 0.125200 ms)

AssetImportParameters requested are different than current active one (requested -> active):
  custom:graphics/normal-map-encoding: 01000000000000000000000000000000 -> 02000000000000000000000000000000
========================================================================
Received Prepare
Registering precompiled user dll's ...
Registered in 0.001163 seconds.
Begin MonoManager ReloadAssembly
Native extension for WindowsStandalone target not found
Refreshing native plugins compatible for Editor in 0.40 ms, found 0 plugins.
Preloading 0 native plugins for Editor in 0.00 ms.
Mono: successfully reloaded assembly
- Completed reload, in  1.022 seconds
Platform modules already initialized, skipping
Switching build target platform(5) subTarget(0) extendedPlatform(0) -> platform(13) subTarget(537395200) extendedPlatform(0)
Refreshing native plugins compatible for Editor in 0.38 ms, found 0 plugins.
Preloading 0 native plugins for Editor in 0.00 ms.
Unloading 1707 Unused Serialized files (Serialized files now loaded: 0)
System memory in use before: 170.3 MB.
System memory in use after: 170.3 MB.

Unloading 10 unused Assets to reduce memory usage. Loaded Objects now: 2353.
Total: 4.041900 ms (FindLiveObjects: 0.903500 ms CreateObjectMapping: 0.182100 ms MarkObjects: 2.835300 ms  DeleteObjects: 0.119300 ms)

AssetImportParameters requested are different than current active one (requested -> active):
  custom:graphics/normal-map-encoding: 01000000000000000000000000000000 -> 02000000000000000000000000000000
========================================================================
Received Prepare
Registering precompiled user dll's ...
Registered in 0.000705 seconds.
Begin MonoManager ReloadAssembly
Native extension for WindowsStandalone target not found
Refreshing native plugins compatible for Editor in 0.39 ms, found 0 plugins.
Preloading 0 native plugins for Editor in 0.00 ms.
Mono: successfully reloaded assembly
- Completed reload, in  0.961 seconds
Platform modules already initialized, skipping
Switching build target platform(5) subTarget(0) extendedPlatform(0) -> platform(13) subTarget(537395200) extendedPlatform(0)
Refreshing native plugins compatible for Editor in 0.38 ms, found 0 plugins.
Preloading 0 native plugins for Editor in 0.00 ms.
Unloading 1707 Unused Serialized files (Serialized files now loaded: 0)
System memory in use before: 170.3 MB.
System memory in use after: 170.3 MB.

Unloading 10 unused Assets to reduce memory usage. Loaded Objects now: 2356.
Total: 2.170200 ms (FindLiveObjects: 0.217700 ms CreateObjectMapping: 0.072400 ms MarkObjects: 1.759900 ms  DeleteObjects: 0.118800 ms)

AssetImportParameters requested are different than current active one (requested -> active):
  custom:graphics/normal-map-encoding: 01000000000000000000000000000000 -> 02000000000000000000000000000000
========================================================================
Received Prepare
Registering precompiled user dll's ...
Registered in 0.000822 seconds.
Begin MonoManager ReloadAssembly
Native extension for WindowsStandalone target not found
Refreshing native plugins compatible for Editor in 0.38 ms, found 0 plugins.
Preloading 0 native plugins for Editor in 0.00 ms.
Mono: successfully reloaded assembly
- Completed reload, in  0.990 seconds
Platform modules already initialized, skipping
Switching build target platform(5) subTarget(0) extendedPlatform(0) -> platform(13) subTarget(537395200) extendedPlatform(0)
Refreshing native plugins compatible for Editor in 0.38 ms, found 0 plugins.
Preloading 0 native plugins for Editor in 0.00 ms.
Unloading 1707 Unused Serialized files (Serialized files now loaded: 0)
System memory in use before: 170.3 MB.
System memory in use after: 170.3 MB.

Unloading 10 unused Assets to reduce memory usage. Loaded Objects now: 2359.
Total: 2.091000 ms (FindLiveObjects: 0.203700 ms CreateObjectMapping: 0.074800 ms MarkObjects: 1.680700 ms  DeleteObjects: 0.130600 ms)

AssetImportParameters requested are different than current active one (requested -> active):
  custom:graphics/normal-map-encoding: 01000000000000000000000000000000 -> 02000000000000000000000000000000
========================================================================
Received Prepare
Registering precompiled user dll's ...
Registered in 0.001073 seconds.
Begin MonoManager ReloadAssembly
Native extension for WindowsStandalone target not found
Refreshing native plugins compatible for Editor in 0.38 ms, found 0 plugins.
Preloading 0 native plugins for Editor in 0.00 ms.
Mono: successfully reloaded assembly
- Completed reload, in  0.999 seconds
Platform modules already initialized, skipping
Switching build target platform(5) subTarget(0) extendedPlatform(0) -> platform(13) subTarget(537395200) extendedPlatform(0)
Refreshing native plugins compatible for Editor in 0.39 ms, found 0 plugins.
Preloading 0 native plugins for Editor in 0.00 ms.
Unloading 1707 Unused Serialized files (Serialized files now loaded: 0)
System memory in use before: 170.3 MB.
System memory in use after: 170.3 MB.

Unloading 10 unused Assets to reduce memory usage. Loaded Objects now: 2362.
Total: 2.229500 ms (FindLiveObjects: 0.305000 ms CreateObjectMapping: 0.085500 ms MarkObjects: 1.717800 ms  DeleteObjects: 0.119600 ms)

AssetImportParameters requested are different than current active one (requested -> active):
  custom:graphics/normal-map-encoding: 01000000000000000000000000000000 -> 02000000000000000000000000000000
========================================================================
Received Prepare
Registering precompiled user dll's ...
Registered in 0.000813 seconds.
Begin MonoManager ReloadAssembly
Native extension for WindowsStandalone target not found
Refreshing native plugins compatible for Editor in 0.45 ms, found 0 plugins.
Preloading 0 native plugins for Editor in 0.00 ms.
Mono: successfully reloaded assembly
- Completed reload, in  1.031 seconds
Platform modules already initialized, skipping
Switching build target platform(5) subTarget(0) extendedPlatform(0) -> platform(13) subTarget(537395200) extendedPlatform(0)
Refreshing native plugins compatible for Editor in 0.42 ms, found 0 plugins.
Preloading 0 native plugins for Editor in 0.00 ms.
Unloading 1707 Unused Serialized files (Serialized files now loaded: 0)
System memory in use before: 170.3 MB.
System memory in use after: 170.3 MB.

Unloading 10 unused Assets to reduce memory usage. Loaded Objects now: 2365.
Total: 2.207800 ms (FindLiveObjects: 0.208400 ms CreateObjectMapping: 0.060500 ms MarkObjects: 1.820700 ms  DeleteObjects: 0.116500 ms)

AssetImportParameters requested are different than current active one (requested -> active):
  custom:graphics/normal-map-encoding: 01000000000000000000000000000000 -> 02000000000000000000000000000000
========================================================================
Received Import Request.
  Time since last request: 1236.360101 seconds.
  path: Assets/Resources/Prefabs/Enemies/EnemyFlame.prefab
  artifactKey: Guid(c9782f7bba416bd4a8133587eeba6144) Importer(815301076,1909f56bfc062723c751e8b465ee728b)
Start importing Assets/Resources/Prefabs/Enemies/EnemyFlame.prefab using Guid(c9782f7bba416bd4a8133587eeba6144) Importer(815301076,1909f56bfc062723c751e8b465ee728b)  -> (artifact id: 'eba150f9290a5e5ce20dec0121f5b699') in 0.079577 seconds
  Import took 0.083612 seconds .

========================================================================
Received Import Request.
  Time since last request: 0.000247 seconds.
  path: Assets/Resources/Prefabs/Enemies/EnemyNormal.prefab
  artifactKey: Guid(c8739ff83fc820e489b70087380c9a82) Importer(815301076,1909f56bfc062723c751e8b465ee728b)
Start importing Assets/Resources/Prefabs/Enemies/EnemyNormal.prefab using Guid(c8739ff83fc820e489b70087380c9a82) Importer(815301076,1909f56bfc062723c751e8b465ee728b)  -> (artifact id: '411f0daa36f6d52c8325c36fa1267fb6') in 0.030600 seconds
  Import took 0.034437 seconds .

========================================================================
Received Import Request.
  Time since last request: 4.062835 seconds.
  path: Assets/Resources/Prefabs/Enemies/EnemyNormal.prefab
  artifactKey: Guid(c8739ff83fc820e489b70087380c9a82) Importer(815301076,1909f56bfc062723c751e8b465ee728b)
Start importing Assets/Resources/Prefabs/Enemies/EnemyNormal.prefab using Guid(c8739ff83fc820e489b70087380c9a82) Importer(815301076,1909f56bfc062723c751e8b465ee728b)  -> (artifact id: 'd0c4627ea4098dbbea98ff55b98751b9') in 0.028363 seconds
  Import took 0.031888 seconds .

========================================================================
Received Prepare
Registering precompiled user dll's ...
Registered in 0.000885 seconds.
Begin MonoManager ReloadAssembly
Native extension for WindowsStandalone target not found
Refreshing native plugins compatible for Editor in 0.38 ms, found 0 plugins.
Preloading 0 native plugins for Editor in 0.00 ms.
Mono: successfully reloaded assembly
- Completed reload, in  0.954 seconds
Platform modules already initialized, skipping
Switching build target platform(5) subTarget(0) extendedPlatform(0) -> platform(13) subTarget(537395200) extendedPlatform(0)
Refreshing native plugins compatible for Editor in 0.43 ms, found 0 plugins.
Preloading 0 native plugins for Editor in 0.00 ms.
Unloading 1707 Unused Serialized files (Serialized files now loaded: 0)
System memory in use before: 170.3 MB.
System memory in use after: 170.4 MB.

Unloading 10 unused Assets to reduce memory usage. Loaded Objects now: 2369.
Total: 2.081500 ms (FindLiveObjects: 0.189300 ms CreateObjectMapping: 0.051100 ms MarkObjects: 1.727400 ms  DeleteObjects: 0.112900 ms)

AssetImportParameters requested are different than current active one (requested -> active):
  custom:graphics/normal-map-encoding: 01000000000000000000000000000000 -> 02000000000000000000000000000000
========================================================================
Received Import Request.
  Time since last request: 41.743852 seconds.
  path: Assets/Resources/Prefabs/Enemies/EnemyNormal.prefab
  artifactKey: Guid(c8739ff83fc820e489b70087380c9a82) Importer(815301076,1909f56bfc062723c751e8b465ee728b)
Start importing Assets/Resources/Prefabs/Enemies/EnemyNormal.prefab using Guid(c8739ff83fc820e489b70087380c9a82) Importer(815301076,1909f56bfc062723c751e8b465ee728b)  -> (artifact id: '0f6b85d10da1c5212b8f643d81cbeebc') in 0.102916 seconds
  Import took 0.106173 seconds .

========================================================================
Received Prepare
Registering precompiled user dll's ...
Registered in 0.000700 seconds.
Begin MonoManager ReloadAssembly
Native extension for WindowsStandalone target not found
Refreshing native plugins compatible for Editor in 0.38 ms, found 0 plugins.
Preloading 0 native plugins for Editor in 0.00 ms.
Mono: successfully reloaded assembly
- Completed reload, in  1.036 seconds
Platform modules already initialized, skipping
Switching build target platform(5) subTarget(0) extendedPlatform(0) -> platform(13) subTarget(537395200) extendedPlatform(0)
Refreshing native plugins compatible for Editor in 0.39 ms, found 0 plugins.
Preloading 0 native plugins for Editor in 0.00 ms.
Unloading 1707 Unused Serialized files (Serialized files now loaded: 0)
System memory in use before: 170.4 MB.
System memory in use after: 170.4 MB.

Unloading 10 unused Assets to reduce memory usage. Loaded Objects now: 2373.
Total: 2.166900 ms (FindLiveObjects: 0.184600 ms CreateObjectMapping: 0.063000 ms MarkObjects: 1.803300 ms  DeleteObjects: 0.115100 ms)

AssetImportParameters requested are different than current active one (requested -> active):
  custom:graphics/normal-map-encoding: 01000000000000000000000000000000 -> 02000000000000000000000000000000
