Using pre-set license
Built from '2020.3/staging' branch; Version is '2020.3.6f1 (338bb68529b2) revision 3378102'; Using compiler version '192528614'; Build Type 'Release'
OS: 'Windows 10 Home Single Language; OS build 22000.376; Version 2009; 64bit' Language: 'en' Physical Memory: 24423 MB
BatchMode: 1, IsHumanControllingUs: 0, StartBugReporterOnCrash: 0, Is64bit: 1, IsPro: 0

 COMMAND LINE ARGUMENTS:
C:\Program Files\Unity\Hub\Editor\2020.3.6f1\Editor\Unity.exe
-adb2
-batchMode
-noUpm
-name
AssetImportWorker0
-projectPath
D:/Project Stuff/VoxelProject
-logFile
Logs/AssetImportWorker0.log
-srvPort
53549
Successfully changed project path to: D:/Project Stuff/VoxelProject
D:/Project Stuff/VoxelProject
Using Asset Import Pipeline V2.
Refreshing native plugins compatible for Editor in 45.12 ms, found 0 plugins.
Preloading 0 native plugins for Editor in 0.00 ms.
Initialize engine version: 2020.3.6f1 (338bb68529b2)
[Subsystems] Discovering subsystems at path C:/Program Files/Unity/Hub/Editor/2020.3.6f1/Editor/Data/Resources/UnitySubsystems
[Subsystems] Discovering subsystems at path D:/Project Stuff/VoxelProject/Assets
GfxDevice: creating device client; threaded=0
Direct3D:
    Version:  Direct3D 11.0 [level 11.1]
    Renderer: NVIDIA GeForce GTX 1050 Ti (ID=0x1c8c)
    Vendor:   
    VRAM:     4021 MB
    Driver:   30.0.14.9729
Initialize mono
Mono path[0] = 'C:/Program Files/Unity/Hub/Editor/2020.3.6f1/Editor/Data/Managed'
Mono path[1] = 'C:/Program Files/Unity/Hub/Editor/2020.3.6f1/Editor/Data/MonoBleedingEdge/lib/mono/unityjit'
Mono config path = 'C:/Program Files/Unity/Hub/Editor/2020.3.6f1/Editor/Data/MonoBleedingEdge/etc'
Using monoOptions --debugger-agent=transport=dt_socket,embedding=1,server=y,suspend=n,address=127.0.0.1:56216
Begin MonoManager ReloadAssembly
Registering precompiled unity dll's ...
Register platform support module: C:/Program Files/Unity/Hub/Editor/2020.3.6f1/Editor/Data/PlaybackEngines/WindowsStandaloneSupport/UnityEditor.WindowsStandalone.Extensions.dll
Registered in 0.001335 seconds.
Native extension for WindowsStandalone target not found
Refreshing native plugins compatible for Editor in 42.09 ms, found 0 plugins.
Preloading 0 native plugins for Editor in 0.00 ms.
Mono: successfully reloaded assembly
- Completed reload, in  2.564 seconds
Platform modules already initialized, skipping
Registering precompiled user dll's ...
Registered in 0.000841 seconds.
Begin MonoManager ReloadAssembly
Native extension for WindowsStandalone target not found
Refreshing native plugins compatible for Editor in 45.61 ms, found 0 plugins.
Preloading 0 native plugins for Editor in 0.00 ms.
Mono: successfully reloaded assembly
- Completed reload, in  1.093 seconds
Platform modules already initialized, skipping
========================================================================
Worker process is ready to serve import requests
Launched and connected shader compiler UnityShaderCompiler.exe after 0.04 seconds
Refreshing native plugins compatible for Editor in 0.38 ms, found 0 plugins.
Preloading 0 native plugins for Editor in 0.00 ms.
Unloading 1776 Unused Serialized files (Serialized files now loaded: 0)
System memory in use before: 105.6 MB.
System memory in use after: 105.6 MB.

Unloading 17 unused Assets to reduce memory usage. Loaded Objects now: 2235.
Total: 3.629700 ms (FindLiveObjects: 0.393400 ms CreateObjectMapping: 0.135500 ms MarkObjects: 2.902200 ms  DeleteObjects: 0.197400 ms)

========================================================================
Received Import Request.
  path: Assets/3_Scripts/Bullet.cs
  artifactKey: Guid(5263d69b1b729a24d8651fbb96e3e02e) Importer(815301076,1909f56bfc062723c751e8b465ee728b)
Start importing Assets/3_Scripts/Bullet.cs using Guid(5263d69b1b729a24d8651fbb96e3e02e) Importer(815301076,1909f56bfc062723c751e8b465ee728b)  -> (artifact id: '85d061091e63cd34fc9c8ebc7eb68725') in 0.034461 seconds
  Import took 0.037748 seconds .

========================================================================
Received Import Request.
  Time since last request: 68.298373 seconds.
  path: Assets/3_Scripts/MainPlayer.cs
  artifactKey: Guid(505a9b033b4f9a545b09b104de7b6246) Importer(815301076,1909f56bfc062723c751e8b465ee728b)
Start importing Assets/3_Scripts/MainPlayer.cs using Guid(505a9b033b4f9a545b09b104de7b6246) Importer(815301076,1909f56bfc062723c751e8b465ee728b)  -> (artifact id: '17b12bb2d100473c1d7d178ecf9b73cc') in 0.010990 seconds
  Import took 0.014601 seconds .

========================================================================
Received Import Request.
  Time since last request: 0.000895 seconds.
  path: Assets/3_Scripts/MainPlayer.cs
  artifactKey: Guid(505a9b033b4f9a545b09b104de7b6246) Importer(815301076,1909f56bfc062723c751e8b465ee728b)
Start importing Assets/3_Scripts/MainPlayer.cs using Guid(505a9b033b4f9a545b09b104de7b6246) Importer(815301076,1909f56bfc062723c751e8b465ee728b)  -> (artifact id: '17b12bb2d100473c1d7d178ecf9b73cc') in 0.004485 seconds
  Import took 0.008187 seconds .

========================================================================
Received Import Request.
  Time since last request: 0.316323 seconds.
  path: Assets/3_Scripts/ObjectPool.cs
  artifactKey: Guid(188125ef7385d2643b8b140d9186d06c) Importer(815301076,1909f56bfc062723c751e8b465ee728b)
Start importing Assets/3_Scripts/ObjectPool.cs using Guid(188125ef7385d2643b8b140d9186d06c) Importer(815301076,1909f56bfc062723c751e8b465ee728b)  -> (artifact id: '6d060397de177a4ceb4cf3e04d897913') in 0.010604 seconds
  Import took 0.034429 seconds .

========================================================================
Received Import Request.
  Time since last request: 0.316647 seconds.
  path: Assets/3_Scripts/Weapon.cs
  artifactKey: Guid(a33947dd24aab9f4aabe07084c7932ef) Importer(815301076,1909f56bfc062723c751e8b465ee728b)
Start importing Assets/3_Scripts/Weapon.cs using Guid(a33947dd24aab9f4aabe07084c7932ef) Importer(815301076,1909f56bfc062723c751e8b465ee728b)  -> (artifact id: '3e1a56ba2f9c1801b64ba0227404bab8') in 0.009408 seconds
  Import took 0.012655 seconds .

========================================================================
Received Import Request.
  Time since last request: 0.001209 seconds.
  path: Assets/3_Scripts/Weapon.cs
  artifactKey: Guid(a33947dd24aab9f4aabe07084c7932ef) Importer(815301076,1909f56bfc062723c751e8b465ee728b)
Start importing Assets/3_Scripts/Weapon.cs using Guid(a33947dd24aab9f4aabe07084c7932ef) Importer(815301076,1909f56bfc062723c751e8b465ee728b)  -> (artifact id: '3e1a56ba2f9c1801b64ba0227404bab8') in 0.004115 seconds
  Import took 0.007044 seconds .

AssetImportWorkerClient::OnTransportError - code=2 error=End of file
